{
  "RSpec": {
    "coverage": {
      "/Users/jordanmarkham/Desktop/Projects/makersbnb-team-4/app.rb": {
        "lines": [
          null,
          null,
          1,
          1,
          1,
          1,
          null,
          1,
          1,
          null,
          1,
          0,
          null,
          null,
          1,
          1,
          null,
          null,
          1,
          1,
          null,
          null,
          1,
          0,
          null,
          null,
          1,
          1,
          1,
          1,
          null,
          null,
          1,
          0,
          null,
          null,
          1,
          0,
          0,
          null,
          null,
          1,
          3,
          3,
          3,
          null,
          null,
          1,
          0,
          null,
          null,
          1,
          0,
          null,
          null,
          1,
          0,
          0,
          null,
          null,
          1,
          1,
          1,
          1,
          1,
          null,
          null,
          1,
          0,
          0,
          0,
          0,
          null,
          null,
          null,
          1,
          null,
          null
        ]
      },
      "/Users/jordanmarkham/Desktop/Projects/makersbnb-team-4/lib/space.rb": {
        "lines": [
          1,
          null,
          1,
          1,
          5,
          5,
          null,
          0,
          null,
          null,
          5,
          10,
          null,
          null,
          1,
          5,
          5,
          5,
          null,
          0,
          0,
          null,
          null,
          null
        ]
      },
      "/Users/jordanmarkham/Desktop/Projects/makersbnb-team-4/lib/user.rb": {
        "lines": [
          1,
          null,
          1,
          null,
          null,
          null,
          null,
          null,
          null,
          null,
          null,
          null,
          null,
          null,
          null,
          null,
          null,
          null,
          1,
          1,
          1,
          null,
          0,
          null,
          null,
          1,
          null,
          null,
          null
        ]
      },
      "/Users/jordanmarkham/Desktop/Projects/makersbnb-team-4/spec/features/new_space_spec.rb": {
        "lines": [
          null,
          null,
          1,
          1,
          0,
          0,
          0,
          0,
          null,
          0,
          null,
          0,
          null,
          null
        ]
      },
      "/Users/jordanmarkham/Desktop/Projects/makersbnb-team-4/spec/features/signup_page_spec.rb": {
        "lines": [
          null,
          null,
          1,
          1,
          1,
          1,
          1,
          1,
          1,
          1,
          1,
          1,
          1,
          1,
          null,
          null
        ]
      },
      "/Users/jordanmarkham/Desktop/Projects/makersbnb-team-4/spec/features/spaces_spec.rb": {
        "lines": [
          null,
          null,
          1,
          1,
          null,
          1,
          1,
          1,
          1,
          1,
          1,
          null,
          null,
          null,
          1,
          1,
          1,
          null,
          null,
          1,
          null,
          1,
          null,
          1,
          null,
          null
        ]
      },
      "/Users/jordanmarkham/Desktop/Projects/makersbnb-team-4/spec/features/test_page_spec.rb": {
        "lines": [
          null,
          null,
          1,
          1,
          1,
          1,
          null,
          null
        ]
      },
      "/Users/jordanmarkham/Desktop/Projects/makersbnb-team-4/spec/index_spec.rb": {
        "lines": [
          null,
          null,
          1,
          1,
          null,
          1,
          1,
          1,
          null,
          null,
          1,
          1,
          1,
          null,
          1,
          null,
          1,
          1,
          1,
          null,
          null,
          null,
          1,
          1,
          1,
          1,
          1,
          1,
          null,
          null
        ]
      }
    },
    "timestamp": 1658334481
  }
}
